<?xml version="1.0" encoding="UTF-8"?>
<!-- Generated by org.testng.reporters.JUnitXMLReporter -->
<testsuite ignored="0" hostname="LAPTOP-GMS59UUI" failures="1" tests="2" name="Test" time="11.113" errors="0" timestamp="2021-09-14T16:57:06 IST">
  <testcase classname="seleniumPrograms.ScreenshotUsingNG" name="googleTitleTest" time="3.206"/>
  <testcase classname="seleniumPrograms.ScreenshotUsingNG" name="googleSearchTest" time="2.714">
    <failure type="java.lang.AssertionError" message="expected [LTI- Google Search] but found [LTI - Google Search]">
      <![CDATA[java.lang.AssertionError: expected [LTI- Google Search] but found [LTI - Google Search]
at seleniumPrograms.ScreenshotUsingNG.googleSearchTest(ScreenshotUsingNG.java:55)
at java.base/java.util.ArrayList.forEach(ArrayList.java:1540)
at java.base/java.util.concurrent.FutureTask.run(FutureTask.java:264)
at java.base/java.util.concurrent.ThreadPoolExecutor.runWorker(ThreadPoolExecutor.java:1128)
at java.base/java.util.concurrent.ThreadPoolExecutor$Worker.run(ThreadPoolExecutor.java:628)
at java.base/java.lang.Thread.run(Thread.java:835)
... Removed 24 stack frames]]>
    </failure>
  </testcase> <!-- googleSearchTest -->
</testsuite> <!-- Test -->
