<?xml version="1.0" encoding="UTF-8"?>
<!-- Generated by org.testng.reporters.JUnitXMLReporter -->
<testsuite ignored="0" hostname="LAPTOP-GMS59UUI" failures="1" tests="2" name="Test1" time="12.718" errors="0" timestamp="2021-09-17T21:23:22 IST">
  <testcase classname="seleniumPrograms.ScreenshotUsingNG" name="googleTitleTest" time="2.193"/>
  <testcase classname="seleniumPrograms.ScreenshotUsingNG" name="googleSearchTest" time="2.84">
    <failure type="java.lang.AssertionError" message="expected [LTI- Google Search] but found [LTI - Google Search]">
      <![CDATA[java.lang.AssertionError: expected [LTI- Google Search] but found [LTI - Google Search]
at seleniumPrograms.ScreenshotUsingNG.googleSearchTest(ScreenshotUsingNG.java:55)
at java.base/java.util.ArrayList.forEach(ArrayList.java:1540)
... Removed 33 stack frames]]>
    </failure>
  </testcase> <!-- googleSearchTest -->
</testsuite> <!-- Test1 -->
