<?xml version="1.0" encoding="UTF-8"?>
<testng-results ignored="0" total="1" passed="1" failed="0" skipped="0">
  <reporter-output>
  </reporter-output>
  <suite started-at="2021-09-17T21:26:25 IST" name="Default suite" finished-at="2021-09-17T21:26:25 IST" duration-ms="100">
    <groups>
    </groups>
    <test started-at="2021-09-17T21:26:25 IST" name="Default test" finished-at="2021-09-17T21:26:25 IST" duration-ms="100">
      <class name="propertyfile.Propertyexample">
        <test-method signature="readProperty()[pri:0, instance:propertyfile.Propertyexample@4445629]" started-at="2021-09-17T21:26:25 IST" name="readProperty" finished-at="2021-09-17T21:26:25 IST" duration-ms="23" status="PASS">
          <reporter-output>
          </reporter-output>
        </test-method> <!-- readProperty -->
      </class> <!-- propertyfile.Propertyexample -->
    </test> <!-- Default test -->
  </suite> <!-- Default suite -->
</testng-results>
